<?xml version="1.0" encoding="UTF-8"?>
<!-- Generated by org.testng.reporters.JUnitReportReporter -->
<testsuite skipped="0" hostname="DESKTOP-NFEO7DE" name="tescases.PracticePageTest" tests="1" failures="0" timestamp="2021-09-28T13:51:44 IST" time="18.191" errors="0">
  <testcase name="performactioninPracticepage" time="18.191" classname="tescases.PracticePageTest"/>
  <system-out/>
</testsuite> <!-- tescases.PracticePageTest -->
