<?xml version="1.0" encoding="UTF-8"?>
<!-- Generated by org.testng.reporters.JUnitReportReporter -->
<testsuite skipped="0" hostname="DESKTOP-NFEO7DE" name="tescases.LoginPageTest" tests="1" failures="0" timestamp="2021-09-23T17:55:51 IST" time="18.434" errors="0">
  <testcase name="loginToApplication" time="18.434" classname="tescases.LoginPageTest"/>
  <system-out/>
</testsuite> <!-- tescases.LoginPageTest -->
